[debug] [2021-08-26T02:23:30.698Z] ----------------------------------------------------------------------
[debug] [2021-08-26T02:23:30.701Z] Command:       /usr/local/bin/node /usr/local/bin/firebase init
[debug] [2021-08-26T02:23:30.702Z] CLI Version:   9.16.5
[debug] [2021-08-26T02:23:30.702Z] Platform:      darwin
[debug] [2021-08-26T02:23:30.702Z] Node Version:  v14.15.5
[debug] [2021-08-26T02:23:30.704Z] Time:          Wed Aug 25 2021 22:23:30 GMT-0400 (Eastern Daylight Time)
[debug] [2021-08-26T02:23:30.705Z] ----------------------------------------------------------------------
[debug] 
[debug] [2021-08-26T02:23:30.716Z] > command requires scopes: ["email","openid","https://www.googleapis.com/auth/cloudplatformprojects.readonly","https://www.googleapis.com/auth/firebase","https://www.googleapis.com/auth/cloud-platform"]
[debug] [2021-08-26T02:23:30.717Z] > authorizing via signed-in user (bailey.luu30@gmail.com)
[info] 
     ######## #### ########  ######## ########     ###     ######  ########
     ##        ##  ##     ## ##       ##     ##  ##   ##  ##       ##
     ######    ##  ########  ######   ########  #########  ######  ######
     ##        ##  ##    ##  ##       ##     ## ##     ##       ## ##
     ##       #### ##     ## ######## ########  ##     ##  ######  ########

You're about to initialize a Firebase project in this directory:

  /Users/baileyluu/Downloads/yorkudsc.github.io

[info] 
=== Project Setup
[info] 
[info] First, let's associate this project directory with a Firebase project.
[info] You can create multiple project aliases by running firebase use --add, 
[info] but for now we'll just set up a default project.
[info] 
[debug] [2021-08-26T02:23:46.614Z] > refreshing access token with scopes: []
[debug] [2021-08-26T02:23:46.615Z] >>> HTTP REQUEST POST https://www.googleapis.com/oauth2/v3/token  
 <request body omitted>
[debug] [2021-08-26T02:23:46.828Z] <<< HTTP RESPONSE 200 {"expires":"Mon, 01 Jan 1990 00:00:00 GMT","cache-control":"no-cache, no-store, max-age=0, must-revalidate","date":"Thu, 26 Aug 2021 02:23:46 GMT","pragma":"no-cache","content-type":"application/json; charset=utf-8","vary":"X-Origin, Referer, Origin,Accept-Encoding","server":"scaffolding on HTTPServer2","x-xss-protection":"0","x-frame-options":"SAMEORIGIN","x-content-type-options":"nosniff","alt-svc":"h3=\":443\"; ma=2592000,h3-29=\":443\"; ma=2592000,h3-T051=\":443\"; ma=2592000,h3-Q050=\":443\"; ma=2592000,h3-Q046=\":443\"; ma=2592000,h3-Q043=\":443\"; ma=2592000,quic=\":443\"; ma=2592000; v=\"46,43\"","accept-ranges":"none","transfer-encoding":"chunked"}
[debug] [2021-08-26T02:23:46.940Z] >>> [apiv2][query] GET https://firebase.googleapis.com/v1beta1/projects pageSize=100
[debug] [2021-08-26T02:23:47.429Z] <<< [apiv2][status] GET https://firebase.googleapis.com/v1beta1/projects 200
[debug] [2021-08-26T02:23:47.429Z] <<< [apiv2][body] GET https://firebase.googleapis.com/v1beta1/projects [omitted]
[info] i  Using project yorkudsc-d8732 (yorkudsc) 
[info] 
=== Hosting Setup
[info] 
[info] Your public directory is the folder (relative to your project directory) that
[info] will contain Hosting assets to be uploaded with firebase deploy. If you
[info] have a build process for your assets, use your build's output directory.
[info] 
